<?xml version="1.0" encoding="UTF-8"?>
<!-- Generated by org.testng.reporters.JUnitReportReporter -->
<testsuite hostname="DESKTOP-3ORSLE9" failures="0" tests="1" name="functionalTesting.TestDataInsertion" time="0.955" errors="0" timestamp="2025-01-31T23:33:25 IST" skipped="0">
  <testcase classname="functionalTesting.TestDataInsertion" name="testDataInsertion" time="0.955"/>
  <system-out/>
</testsuite> <!-- functionalTesting.TestDataInsertion -->
