<?xml version="1.0" encoding="UTF-8"?>
<!-- Generated by org.testng.reporters.JUnitReportReporter -->
<testsuite hostname="DESKTOP-3ORSLE9" failures="0" tests="1" name="schemaValidation.ColumnDataType" time="1.116" errors="0" timestamp="2025-01-31T22:33:31 IST" skipped="0">
  <testcase classname="schemaValidation.ColumnDataType" name="testColumnDataType" time="1.116"/>
  <system-out/>
</testsuite> <!-- schemaValidation.ColumnDataType -->
