<?xml version="1.0" encoding="UTF-8"?>
<!-- Generated by org.testng.reporters.JUnitReportReporter -->
<testsuite hostname="DESKTOP-3ORSLE9" failures="0" tests="1" name="dataIntegrity.ForeignKeyConstraint" time="1.281" errors="0" timestamp="2025-02-01T08:38:40 IST" skipped="0">
  <testcase classname="dataIntegrity.ForeignKeyConstraint" name="testForeignKeyConstraint" time="1.281"/>
  <system-out/>
</testsuite> <!-- dataIntegrity.ForeignKeyConstraint -->
