<?xml version="1.0" encoding="UTF-8"?>
<!-- Generated by org.testng.reporters.JUnitReportReporter -->
<testsuite hostname="DESKTOP-3ORSLE9" failures="0" tests="1" name="schemaValidation.TableExists" time="1.016" errors="0" timestamp="2025-01-31T15:01:43 IST" skipped="0">
  <testcase classname="schemaValidation.TableExists" name="testTableExists" time="1.016"/>
  <system-out/>
</testsuite> <!-- schemaValidation.TableExists -->
