<?xml version="1.0" encoding="UTF-8"?>
<!-- Generated by org.testng.reporters.JUnitReportReporter -->
<testsuite hostname="DESKTOP-3ORSLE9" failures="0" tests="1" name="tests.DbTesting" time="0.063" errors="0" timestamp="2025-01-29T16:21:42 IST" skipped="0">
  <testcase classname="tests.DbTesting" name="testName" time="0.063"/>
  <system-out/>
</testsuite> <!-- tests.DbTesting -->
