<?xml version="1.0" encoding="UTF-8"?>
<!-- Generated by org.testng.reporters.JUnitReportReporter -->
<testsuite hostname="DESKTOP-3ORSLE9" failures="0" tests="1" name="dataIntegrity.PrimaryKeyConstraint" time="0.835" errors="0" timestamp="2025-01-31T15:59:08 IST" skipped="0">
  <testcase classname="dataIntegrity.PrimaryKeyConstraint" name="testPrimaryKeyConstraint" time="0.835"/>
  <system-out/>
</testsuite> <!-- dataIntegrity.PrimaryKeyConstraint -->
