<?xml version="1.0" encoding="UTF-8"?>
<!-- Generated by org.testng.reporters.JUnitReportReporter -->
<testsuite hostname="DESKTOP-3ORSLE9" failures="0" tests="1" name="security.VerifyUserLogin" time="0.624" errors="0" timestamp="2025-01-31T15:14:59 IST" skipped="0">
  <testcase classname="security.VerifyUserLogin" name="testUserLogin" time="0.624"/>
  <system-out/>
</testsuite> <!-- security.VerifyUserLogin -->
