<?xml version="1.0" encoding="UTF-8"?>
<!-- Generated by org.testng.reporters.JUnitReportReporter -->
<testsuite hostname="DESKTOP-3ORSLE9" failures="0" tests="1" name="plsql.TestStroedProcedure" time="0.709" errors="0" timestamp="2025-02-01T16:55:23 IST" skipped="0">
  <testcase classname="plsql.TestStroedProcedure" name="testStoredProcedure" time="0.709"/>
  <system-out/>
</testsuite> <!-- plsql.TestStroedProcedure -->
