<?xml version="1.0" encoding="UTF-8"?>
<!-- Generated by org.testng.reporters.JUnitReportReporter -->
<testsuite hostname="DESKTOP-3ORSLE9" failures="0" tests="1" name="schemaValidation.ColumnExists" time="0.559" errors="0" timestamp="2025-01-31T14:59:52 IST" skipped="0">
  <testcase classname="schemaValidation.ColumnExists" name="testColumnExists" time="0.559"/>
  <system-out/>
</testsuite> <!-- schemaValidation.ColumnExists -->
