<?xml version="1.0" encoding="UTF-8"?>
<!-- Generated by org.testng.reporters.JUnitReportReporter -->
<testsuite hostname="DESKTOP-3ORSLE9" failures="0" tests="1" name="plsql.FunctionTest" time="0.769" errors="0" timestamp="2025-02-01T00:37:17 IST" skipped="0">
  <testcase classname="plsql.FunctionTest" name="testDatabaseFunction" time="0.769"/>
  <system-out/>
</testsuite> <!-- plsql.FunctionTest -->
