<?xml version="1.0" encoding="UTF-8"?>
<!-- Generated by org.testng.reporters.JUnitReportReporter -->
<testsuite hostname="DESKTOP-3ORSLE9" failures="0" tests="1" name="functionalTesting.TestDataRetrieval" time="1.067" errors="0" timestamp="2025-01-31T23:38:21 IST" skipped="0">
  <testcase classname="functionalTesting.TestDataRetrieval" name="testDataRetrieval" time="1.067"/>
  <system-out/>
</testsuite> <!-- functionalTesting.TestDataRetrieval -->
