<?xml version="1.0" encoding="UTF-8"?>
<!-- Generated by org.testng.reporters.JUnitReportReporter -->
<testsuite hostname="DESKTOP-3ORSLE9" failures="0" tests="1" name="plsql.PlsqlScriptTest" time="0.607" errors="0" timestamp="2025-02-01T11:18:34 IST" skipped="0">
  <testcase classname="plsql.PlsqlScriptTest" name="runPLSQLScriptFromFile" time="0.607"/>
  <system-out/>
</testsuite> <!-- plsql.PlsqlScriptTest -->
