<?xml version="1.0" encoding="UTF-8"?>
<!-- Generated by org.testng.reporters.JUnitReportReporter -->
<testsuite hostname="DESKTOP-3ORSLE9" failures="0" tests="1" name="nonFunctional.PerformenceTime" time="1.086" errors="0" timestamp="2025-02-01T00:03:23 IST" skipped="0">
  <testcase classname="nonFunctional.PerformenceTime" name="testPerformance" time="1.086"/>
  <system-out/>
</testsuite> <!-- nonFunctional.PerformenceTime -->
